<?xml version="1.0" encoding="UTF-8"?>
<testsuite xmlns:xsi="http://www.w3.org/2001/XMLSchema-instance" xsi:noNamespaceSchemaLocation="https://maven.apache.org/surefire/maven-surefire-plugin/xsd/surefire-test-report.xsd" name="com.example.demo.WebfluxR2dbcApplicationTests" time="3.583" tests="1" errors="0" skipped="0" failures="0">
  <properties>
    <property name="gopherProxySet" value="false"/>
    <property name="awt.toolkit" value="sun.lwawt.macosx.LWCToolkit"/>
    <property name="file.encoding.pkg" value="sun.io"/>
    <property name="java.specification.version" value="1.8"/>
    <property name="sun.cpu.isalist" value=""/>
    <property name="sun.jnu.encoding" value="UTF-8"/>
    <property name="java.class.path" value="/Users/hanxiang/Desktop/learn/webflux-r2dbc/target/test-classes:/Users/hanxiang/Desktop/learn/webflux-r2dbc/target/classes:/Users/hanxiang/.m2/repository/org/springframework/boot/spring-boot-starter-data-r2dbc/2.6.2/spring-boot-starter-data-r2dbc-2.6.2.jar:/Users/hanxiang/.m2/repository/org/springframework/boot/spring-boot-starter/2.6.2/spring-boot-starter-2.6.2.jar:/Users/hanxiang/.m2/repository/org/springframework/boot/spring-boot/2.6.2/spring-boot-2.6.2.jar:/Users/hanxiang/.m2/repository/org/springframework/boot/spring-boot-autoconfigure/2.6.2/spring-boot-autoconfigure-2.6.2.jar:/Users/hanxiang/.m2/repository/org/springframework/boot/spring-boot-starter-logging/2.6.2/spring-boot-starter-logging-2.6.2.jar:/Users/hanxiang/.m2/repository/ch/qos/logback/logback-classic/1.2.9/logback-classic-1.2.9.jar:/Users/hanxiang/.m2/repository/ch/qos/logback/logback-core/1.2.9/logback-core-1.2.9.jar:/Users/hanxiang/.m2/repository/org/apache/logging/log4j/log4j-to-slf4j/2.17.0/log4j-to-slf4j-2.17.0.jar:/Users/hanxiang/.m2/repository/org/apache/logging/log4j/log4j-api/2.17.0/log4j-api-2.17.0.jar:/Users/hanxiang/.m2/repository/org/slf4j/jul-to-slf4j/1.7.32/jul-to-slf4j-1.7.32.jar:/Users/hanxiang/.m2/repository/jakarta/annotation/jakarta.annotation-api/1.3.5/jakarta.annotation-api-1.3.5.jar:/Users/hanxiang/.m2/repository/org/yaml/snakeyaml/1.29/snakeyaml-1.29.jar:/Users/hanxiang/.m2/repository/org/springframework/data/spring-data-r2dbc/1.4.0/spring-data-r2dbc-1.4.0.jar:/Users/hanxiang/.m2/repository/org/springframework/data/spring-data-commons/2.6.0/spring-data-commons-2.6.0.jar:/Users/hanxiang/.m2/repository/org/springframework/data/spring-data-relational/2.3.0/spring-data-relational-2.3.0.jar:/Users/hanxiang/.m2/repository/org/springframework/spring-r2dbc/5.3.14/spring-r2dbc-5.3.14.jar:/Users/hanxiang/.m2/repository/org/springframework/spring-tx/5.3.14/spring-tx-5.3.14.jar:/Users/hanxiang/.m2/repository/org/springframework/spring-context/5.3.14/spring-context-5.3.14.jar:/Users/hanxiang/.m2/repository/org/springframework/spring-beans/5.3.14/spring-beans-5.3.14.jar:/Users/hanxiang/.m2/repository/io/r2dbc/r2dbc-spi/0.8.6.RELEASE/r2dbc-spi-0.8.6.RELEASE.jar:/Users/hanxiang/.m2/repository/org/reactivestreams/reactive-streams/1.0.3/reactive-streams-1.0.3.jar:/Users/hanxiang/.m2/repository/io/r2dbc/r2dbc-pool/0.8.7.RELEASE/r2dbc-pool-0.8.7.RELEASE.jar:/Users/hanxiang/.m2/repository/io/projectreactor/addons/reactor-pool/0.2.7/reactor-pool-0.2.7.jar:/Users/hanxiang/.m2/repository/org/springframework/boot/spring-boot-starter-web/2.6.2/spring-boot-starter-web-2.6.2.jar:/Users/hanxiang/.m2/repository/org/springframework/boot/spring-boot-starter-json/2.6.2/spring-boot-starter-json-2.6.2.jar:/Users/hanxiang/.m2/repository/com/fasterxml/jackson/core/jackson-databind/2.13.1/jackson-databind-2.13.1.jar:/Users/hanxiang/.m2/repository/com/fasterxml/jackson/core/jackson-annotations/2.13.1/jackson-annotations-2.13.1.jar:/Users/hanxiang/.m2/repository/com/fasterxml/jackson/core/jackson-core/2.13.1/jackson-core-2.13.1.jar:/Users/hanxiang/.m2/repository/com/fasterxml/jackson/datatype/jackson-datatype-jdk8/2.13.1/jackson-datatype-jdk8-2.13.1.jar:/Users/hanxiang/.m2/repository/com/fasterxml/jackson/datatype/jackson-datatype-jsr310/2.13.1/jackson-datatype-jsr310-2.13.1.jar:/Users/hanxiang/.m2/repository/com/fasterxml/jackson/module/jackson-module-parameter-names/2.13.1/jackson-module-parameter-names-2.13.1.jar:/Users/hanxiang/.m2/repository/org/springframework/boot/spring-boot-starter-tomcat/2.6.2/spring-boot-starter-tomcat-2.6.2.jar:/Users/hanxiang/.m2/repository/org/apache/tomcat/embed/tomcat-embed-core/9.0.56/tomcat-embed-core-9.0.56.jar:/Users/hanxiang/.m2/repository/org/apache/tomcat/embed/tomcat-embed-el/9.0.56/tomcat-embed-el-9.0.56.jar:/Users/hanxiang/.m2/repository/org/apache/tomcat/embed/tomcat-embed-websocket/9.0.56/tomcat-embed-websocket-9.0.56.jar:/Users/hanxiang/.m2/repository/org/springframework/spring-web/5.3.14/spring-web-5.3.14.jar:/Users/hanxiang/.m2/repository/org/springframework/spring-webmvc/5.3.14/spring-webmvc-5.3.14.jar:/Users/hanxiang/.m2/repository/org/springframework/spring-aop/5.3.14/spring-aop-5.3.14.jar:/Users/hanxiang/.m2/repository/org/springframework/spring-expression/5.3.14/spring-expression-5.3.14.jar:/Users/hanxiang/.m2/repository/org/springframework/boot/spring-boot-starter-webflux/2.6.2/spring-boot-starter-webflux-2.6.2.jar:/Users/hanxiang/.m2/repository/org/springframework/boot/spring-boot-starter-reactor-netty/2.6.2/spring-boot-starter-reactor-netty-2.6.2.jar:/Users/hanxiang/.m2/repository/io/projectreactor/netty/reactor-netty-http/1.0.14/reactor-netty-http-1.0.14.jar:/Users/hanxiang/.m2/repository/io/netty/netty-codec-http/4.1.72.Final/netty-codec-http-4.1.72.Final.jar:/Users/hanxiang/.m2/repository/io/netty/netty-common/4.1.72.Final/netty-common-4.1.72.Final.jar:/Users/hanxiang/.m2/repository/io/netty/netty-buffer/4.1.72.Final/netty-buffer-4.1.72.Final.jar:/Users/hanxiang/.m2/repository/io/netty/netty-transport/4.1.72.Final/netty-transport-4.1.72.Final.jar:/Users/hanxiang/.m2/repository/io/netty/netty-codec/4.1.72.Final/netty-codec-4.1.72.Final.jar:/Users/hanxiang/.m2/repository/io/netty/netty-codec-http2/4.1.72.Final/netty-codec-http2-4.1.72.Final.jar:/Users/hanxiang/.m2/repository/io/netty/netty-resolver-dns/4.1.72.Final/netty-resolver-dns-4.1.72.Final.jar:/Users/hanxiang/.m2/repository/io/netty/netty-resolver/4.1.72.Final/netty-resolver-4.1.72.Final.jar:/Users/hanxiang/.m2/repository/io/netty/netty-codec-dns/4.1.72.Final/netty-codec-dns-4.1.72.Final.jar:/Users/hanxiang/.m2/repository/io/netty/netty-resolver-dns-native-macos/4.1.72.Final/netty-resolver-dns-native-macos-4.1.72.Final-osx-x86_64.jar:/Users/hanxiang/.m2/repository/io/netty/netty-resolver-dns-classes-macos/4.1.72.Final/netty-resolver-dns-classes-macos-4.1.72.Final.jar:/Users/hanxiang/.m2/repository/io/netty/netty-transport-native-epoll/4.1.72.Final/netty-transport-native-epoll-4.1.72.Final-linux-x86_64.jar:/Users/hanxiang/.m2/repository/io/netty/netty-transport-native-unix-common/4.1.72.Final/netty-transport-native-unix-common-4.1.72.Final.jar:/Users/hanxiang/.m2/repository/io/netty/netty-transport-classes-epoll/4.1.72.Final/netty-transport-classes-epoll-4.1.72.Final.jar:/Users/hanxiang/.m2/repository/org/springframework/spring-webflux/5.3.14/spring-webflux-5.3.14.jar:/Users/hanxiang/.m2/repository/org/mybatis/spring/boot/mybatis-spring-boot-starter/2.2.1/mybatis-spring-boot-starter-2.2.1.jar:/Users/hanxiang/.m2/repository/org/springframework/boot/spring-boot-starter-jdbc/2.6.2/spring-boot-starter-jdbc-2.6.2.jar:/Users/hanxiang/.m2/repository/com/zaxxer/HikariCP/4.0.3/HikariCP-4.0.3.jar:/Users/hanxiang/.m2/repository/org/springframework/spring-jdbc/5.3.14/spring-jdbc-5.3.14.jar:/Users/hanxiang/.m2/repository/org/mybatis/spring/boot/mybatis-spring-boot-autoconfigure/2.2.1/mybatis-spring-boot-autoconfigure-2.2.1.jar:/Users/hanxiang/.m2/repository/org/mybatis/mybatis/3.5.9/mybatis-3.5.9.jar:/Users/hanxiang/.m2/repository/org/mybatis/mybatis-spring/2.0.6/mybatis-spring-2.0.6.jar:/Users/hanxiang/.m2/repository/dev/miku/r2dbc-mysql/0.8.2.RELEASE/r2dbc-mysql-0.8.2.RELEASE.jar:/Users/hanxiang/.m2/repository/io/projectreactor/reactor-core/3.4.13/reactor-core-3.4.13.jar:/Users/hanxiang/.m2/repository/io/projectreactor/addons/reactor-extra/3.4.6/reactor-extra-3.4.6.jar:/Users/hanxiang/.m2/repository/io/projectreactor/netty/reactor-netty/1.0.14/reactor-netty-1.0.14.jar:/Users/hanxiang/.m2/repository/io/projectreactor/netty/reactor-netty-core/1.0.14/reactor-netty-core-1.0.14.jar:/Users/hanxiang/.m2/repository/io/netty/netty-handler/4.1.72.Final/netty-handler-4.1.72.Final.jar:/Users/hanxiang/.m2/repository/io/netty/netty-tcnative-classes/2.0.46.Final/netty-tcnative-classes-2.0.46.Final.jar:/Users/hanxiang/.m2/repository/io/netty/netty-handler-proxy/4.1.72.Final/netty-handler-proxy-4.1.72.Final.jar:/Users/hanxiang/.m2/repository/io/netty/netty-codec-socks/4.1.72.Final/netty-codec-socks-4.1.72.Final.jar:/Users/hanxiang/.m2/repository/io/projectreactor/netty/incubator/reactor-netty-incubator-quic/0.0.3/reactor-netty-incubator-quic-0.0.3.jar:/Users/hanxiang/.m2/repository/io/netty/incubator/netty-incubator-codec-native-quic/0.0.24.Final/netty-incubator-codec-native-quic-0.0.24.Final-linux-x86_64.jar:/Users/hanxiang/.m2/repository/io/netty/incubator/netty-incubator-codec-classes-quic/0.0.24.Final/netty-incubator-codec-classes-quic-0.0.24.Final.jar:/Users/hanxiang/.m2/repository/commons-codec/commons-codec/1.15/commons-codec-1.15.jar:/Users/hanxiang/.m2/repository/io/projectreactor/netty/reactor-netty-http-brave/1.0.14/reactor-netty-http-brave-1.0.14.jar:/Users/hanxiang/.m2/repository/io/zipkin/brave/brave-instrumentation-http/5.13.3/brave-instrumentation-http-5.13.3.jar:/Users/hanxiang/.m2/repository/io/zipkin/brave/brave/5.13.3/brave-5.13.3.jar:/Users/hanxiang/.m2/repository/io/zipkin/reporter2/zipkin-reporter-brave/2.16.3/zipkin-reporter-brave-2.16.3.jar:/Users/hanxiang/.m2/repository/io/zipkin/reporter2/zipkin-reporter/2.16.3/zipkin-reporter-2.16.3.jar:/Users/hanxiang/.m2/repository/io/zipkin/zipkin2/zipkin/2.23.2/zipkin-2.23.2.jar:/Users/hanxiang/.m2/repository/org/slf4j/slf4j-api/1.7.32/slf4j-api-1.7.32.jar:/Users/hanxiang/.m2/repository/mysql/mysql-connector-java/8.0.27/mysql-connector-java-8.0.27.jar:/Users/hanxiang/.m2/repository/org/projectlombok/lombok/1.18.22/lombok-1.18.22.jar:/Users/hanxiang/.m2/repository/org/springframework/boot/spring-boot-starter-test/2.6.2/spring-boot-starter-test-2.6.2.jar:/Users/hanxiang/.m2/repository/org/springframework/boot/spring-boot-test/2.6.2/spring-boot-test-2.6.2.jar:/Users/hanxiang/.m2/repository/org/springframework/boot/spring-boot-test-autoconfigure/2.6.2/spring-boot-test-autoconfigure-2.6.2.jar:/Users/hanxiang/.m2/repository/com/jayway/jsonpath/json-path/2.6.0/json-path-2.6.0.jar:/Users/hanxiang/.m2/repository/net/minidev/json-smart/2.4.7/json-smart-2.4.7.jar:/Users/hanxiang/.m2/repository/net/minidev/accessors-smart/2.4.7/accessors-smart-2.4.7.jar:/Users/hanxiang/.m2/repository/org/ow2/asm/asm/9.1/asm-9.1.jar:/Users/hanxiang/.m2/repository/jakarta/xml/bind/jakarta.xml.bind-api/2.3.3/jakarta.xml.bind-api-2.3.3.jar:/Users/hanxiang/.m2/repository/jakarta/activation/jakarta.activation-api/1.2.2/jakarta.activation-api-1.2.2.jar:/Users/hanxiang/.m2/repository/org/assertj/assertj-core/3.21.0/assertj-core-3.21.0.jar:/Users/hanxiang/.m2/repository/org/hamcrest/hamcrest/2.2/hamcrest-2.2.jar:/Users/hanxiang/.m2/repository/org/junit/jupiter/junit-jupiter/5.8.2/junit-jupiter-5.8.2.jar:/Users/hanxiang/.m2/repository/org/junit/jupiter/junit-jupiter-api/5.8.2/junit-jupiter-api-5.8.2.jar:/Users/hanxiang/.m2/repository/org/opentest4j/opentest4j/1.2.0/opentest4j-1.2.0.jar:/Users/hanxiang/.m2/repository/org/junit/platform/junit-platform-commons/1.8.2/junit-platform-commons-1.8.2.jar:/Users/hanxiang/.m2/repository/org/apiguardian/apiguardian-api/1.1.2/apiguardian-api-1.1.2.jar:/Users/hanxiang/.m2/repository/org/junit/jupiter/junit-jupiter-params/5.8.2/junit-jupiter-params-5.8.2.jar:/Users/hanxiang/.m2/repository/org/junit/jupiter/junit-jupiter-engine/5.8.2/junit-jupiter-engine-5.8.2.jar:/Users/hanxiang/.m2/repository/org/junit/platform/junit-platform-engine/1.8.2/junit-platform-engine-1.8.2.jar:/Users/hanxiang/.m2/repository/org/mockito/mockito-core/4.0.0/mockito-core-4.0.0.jar:/Users/hanxiang/.m2/repository/net/bytebuddy/byte-buddy/1.11.22/byte-buddy-1.11.22.jar:/Users/hanxiang/.m2/repository/net/bytebuddy/byte-buddy-agent/1.11.22/byte-buddy-agent-1.11.22.jar:/Users/hanxiang/.m2/repository/org/objenesis/objenesis/3.2/objenesis-3.2.jar:/Users/hanxiang/.m2/repository/org/mockito/mockito-junit-jupiter/4.0.0/mockito-junit-jupiter-4.0.0.jar:/Users/hanxiang/.m2/repository/org/skyscreamer/jsonassert/1.5.0/jsonassert-1.5.0.jar:/Users/hanxiang/.m2/repository/com/vaadin/external/google/android-json/0.0.20131108.vaadin1/android-json-0.0.20131108.vaadin1.jar:/Users/hanxiang/.m2/repository/org/springframework/spring-core/5.3.14/spring-core-5.3.14.jar:/Users/hanxiang/.m2/repository/org/springframework/spring-jcl/5.3.14/spring-jcl-5.3.14.jar:/Users/hanxiang/.m2/repository/org/springframework/spring-test/5.3.14/spring-test-5.3.14.jar:/Users/hanxiang/.m2/repository/org/xmlunit/xmlunit-core/2.8.4/xmlunit-core-2.8.4.jar:/Users/hanxiang/.m2/repository/io/projectreactor/reactor-test/3.4.13/reactor-test-3.4.13.jar:/Users/hanxiang/.m2/repository/com/alibaba/fastjson/1.2.70/fastjson-1.2.70.jar:"/>
    <property name="java.vm.vendor" value="Oracle Corporation"/>
    <property name="sun.arch.data.model" value="64"/>
    <property name="java.vendor.url" value="http://java.oracle.com/"/>
    <property name="user.timezone" value=""/>
    <property name="java.vm.specification.version" value="1.8"/>
    <property name="os.name" value="Mac OS X"/>
    <property name="user.country" value="CN"/>
    <property name="sun.java.launcher" value="SUN_STANDARD"/>
    <property name="sun.boot.library.path" value="/Library/Java/JavaVirtualMachines/jdk1.8.0_181.jdk/Contents/Home/jre/lib"/>
    <property name="sun.java.command" value="/Users/hanxiang/Desktop/learn/webflux-r2dbc/target/surefire/surefirebooter541843915745714918.jar /Users/hanxiang/Desktop/learn/webflux-r2dbc/target/surefire 2022-01-10T00-26-35_249-jvmRun1 surefire271942484776166956tmp surefire_08592552703316318911tmp"/>
    <property name="http.nonProxyHosts" value="local|*.local|169.254/16|*.169.254/16"/>
    <property name="surefire.test.class.path" value="/Users/hanxiang/Desktop/learn/webflux-r2dbc/target/test-classes:/Users/hanxiang/Desktop/learn/webflux-r2dbc/target/classes:/Users/hanxiang/.m2/repository/org/springframework/boot/spring-boot-starter-data-r2dbc/2.6.2/spring-boot-starter-data-r2dbc-2.6.2.jar:/Users/hanxiang/.m2/repository/org/springframework/boot/spring-boot-starter/2.6.2/spring-boot-starter-2.6.2.jar:/Users/hanxiang/.m2/repository/org/springframework/boot/spring-boot/2.6.2/spring-boot-2.6.2.jar:/Users/hanxiang/.m2/repository/org/springframework/boot/spring-boot-autoconfigure/2.6.2/spring-boot-autoconfigure-2.6.2.jar:/Users/hanxiang/.m2/repository/org/springframework/boot/spring-boot-starter-logging/2.6.2/spring-boot-starter-logging-2.6.2.jar:/Users/hanxiang/.m2/repository/ch/qos/logback/logback-classic/1.2.9/logback-classic-1.2.9.jar:/Users/hanxiang/.m2/repository/ch/qos/logback/logback-core/1.2.9/logback-core-1.2.9.jar:/Users/hanxiang/.m2/repository/org/apache/logging/log4j/log4j-to-slf4j/2.17.0/log4j-to-slf4j-2.17.0.jar:/Users/hanxiang/.m2/repository/org/apache/logging/log4j/log4j-api/2.17.0/log4j-api-2.17.0.jar:/Users/hanxiang/.m2/repository/org/slf4j/jul-to-slf4j/1.7.32/jul-to-slf4j-1.7.32.jar:/Users/hanxiang/.m2/repository/jakarta/annotation/jakarta.annotation-api/1.3.5/jakarta.annotation-api-1.3.5.jar:/Users/hanxiang/.m2/repository/org/yaml/snakeyaml/1.29/snakeyaml-1.29.jar:/Users/hanxiang/.m2/repository/org/springframework/data/spring-data-r2dbc/1.4.0/spring-data-r2dbc-1.4.0.jar:/Users/hanxiang/.m2/repository/org/springframework/data/spring-data-commons/2.6.0/spring-data-commons-2.6.0.jar:/Users/hanxiang/.m2/repository/org/springframework/data/spring-data-relational/2.3.0/spring-data-relational-2.3.0.jar:/Users/hanxiang/.m2/repository/org/springframework/spring-r2dbc/5.3.14/spring-r2dbc-5.3.14.jar:/Users/hanxiang/.m2/repository/org/springframework/spring-tx/5.3.14/spring-tx-5.3.14.jar:/Users/hanxiang/.m2/repository/org/springframework/spring-context/5.3.14/spring-context-5.3.14.jar:/Users/hanxiang/.m2/repository/org/springframework/spring-beans/5.3.14/spring-beans-5.3.14.jar:/Users/hanxiang/.m2/repository/io/r2dbc/r2dbc-spi/0.8.6.RELEASE/r2dbc-spi-0.8.6.RELEASE.jar:/Users/hanxiang/.m2/repository/org/reactivestreams/reactive-streams/1.0.3/reactive-streams-1.0.3.jar:/Users/hanxiang/.m2/repository/io/r2dbc/r2dbc-pool/0.8.7.RELEASE/r2dbc-pool-0.8.7.RELEASE.jar:/Users/hanxiang/.m2/repository/io/projectreactor/addons/reactor-pool/0.2.7/reactor-pool-0.2.7.jar:/Users/hanxiang/.m2/repository/org/springframework/boot/spring-boot-starter-web/2.6.2/spring-boot-starter-web-2.6.2.jar:/Users/hanxiang/.m2/repository/org/springframework/boot/spring-boot-starter-json/2.6.2/spring-boot-starter-json-2.6.2.jar:/Users/hanxiang/.m2/repository/com/fasterxml/jackson/core/jackson-databind/2.13.1/jackson-databind-2.13.1.jar:/Users/hanxiang/.m2/repository/com/fasterxml/jackson/core/jackson-annotations/2.13.1/jackson-annotations-2.13.1.jar:/Users/hanxiang/.m2/repository/com/fasterxml/jackson/core/jackson-core/2.13.1/jackson-core-2.13.1.jar:/Users/hanxiang/.m2/repository/com/fasterxml/jackson/datatype/jackson-datatype-jdk8/2.13.1/jackson-datatype-jdk8-2.13.1.jar:/Users/hanxiang/.m2/repository/com/fasterxml/jackson/datatype/jackson-datatype-jsr310/2.13.1/jackson-datatype-jsr310-2.13.1.jar:/Users/hanxiang/.m2/repository/com/fasterxml/jackson/module/jackson-module-parameter-names/2.13.1/jackson-module-parameter-names-2.13.1.jar:/Users/hanxiang/.m2/repository/org/springframework/boot/spring-boot-starter-tomcat/2.6.2/spring-boot-starter-tomcat-2.6.2.jar:/Users/hanxiang/.m2/repository/org/apache/tomcat/embed/tomcat-embed-core/9.0.56/tomcat-embed-core-9.0.56.jar:/Users/hanxiang/.m2/repository/org/apache/tomcat/embed/tomcat-embed-el/9.0.56/tomcat-embed-el-9.0.56.jar:/Users/hanxiang/.m2/repository/org/apache/tomcat/embed/tomcat-embed-websocket/9.0.56/tomcat-embed-websocket-9.0.56.jar:/Users/hanxiang/.m2/repository/org/springframework/spring-web/5.3.14/spring-web-5.3.14.jar:/Users/hanxiang/.m2/repository/org/springframework/spring-webmvc/5.3.14/spring-webmvc-5.3.14.jar:/Users/hanxiang/.m2/repository/org/springframework/spring-aop/5.3.14/spring-aop-5.3.14.jar:/Users/hanxiang/.m2/repository/org/springframework/spring-expression/5.3.14/spring-expression-5.3.14.jar:/Users/hanxiang/.m2/repository/org/springframework/boot/spring-boot-starter-webflux/2.6.2/spring-boot-starter-webflux-2.6.2.jar:/Users/hanxiang/.m2/repository/org/springframework/boot/spring-boot-starter-reactor-netty/2.6.2/spring-boot-starter-reactor-netty-2.6.2.jar:/Users/hanxiang/.m2/repository/io/projectreactor/netty/reactor-netty-http/1.0.14/reactor-netty-http-1.0.14.jar:/Users/hanxiang/.m2/repository/io/netty/netty-codec-http/4.1.72.Final/netty-codec-http-4.1.72.Final.jar:/Users/hanxiang/.m2/repository/io/netty/netty-common/4.1.72.Final/netty-common-4.1.72.Final.jar:/Users/hanxiang/.m2/repository/io/netty/netty-buffer/4.1.72.Final/netty-buffer-4.1.72.Final.jar:/Users/hanxiang/.m2/repository/io/netty/netty-transport/4.1.72.Final/netty-transport-4.1.72.Final.jar:/Users/hanxiang/.m2/repository/io/netty/netty-codec/4.1.72.Final/netty-codec-4.1.72.Final.jar:/Users/hanxiang/.m2/repository/io/netty/netty-codec-http2/4.1.72.Final/netty-codec-http2-4.1.72.Final.jar:/Users/hanxiang/.m2/repository/io/netty/netty-resolver-dns/4.1.72.Final/netty-resolver-dns-4.1.72.Final.jar:/Users/hanxiang/.m2/repository/io/netty/netty-resolver/4.1.72.Final/netty-resolver-4.1.72.Final.jar:/Users/hanxiang/.m2/repository/io/netty/netty-codec-dns/4.1.72.Final/netty-codec-dns-4.1.72.Final.jar:/Users/hanxiang/.m2/repository/io/netty/netty-resolver-dns-native-macos/4.1.72.Final/netty-resolver-dns-native-macos-4.1.72.Final-osx-x86_64.jar:/Users/hanxiang/.m2/repository/io/netty/netty-resolver-dns-classes-macos/4.1.72.Final/netty-resolver-dns-classes-macos-4.1.72.Final.jar:/Users/hanxiang/.m2/repository/io/netty/netty-transport-native-epoll/4.1.72.Final/netty-transport-native-epoll-4.1.72.Final-linux-x86_64.jar:/Users/hanxiang/.m2/repository/io/netty/netty-transport-native-unix-common/4.1.72.Final/netty-transport-native-unix-common-4.1.72.Final.jar:/Users/hanxiang/.m2/repository/io/netty/netty-transport-classes-epoll/4.1.72.Final/netty-transport-classes-epoll-4.1.72.Final.jar:/Users/hanxiang/.m2/repository/org/springframework/spring-webflux/5.3.14/spring-webflux-5.3.14.jar:/Users/hanxiang/.m2/repository/org/mybatis/spring/boot/mybatis-spring-boot-starter/2.2.1/mybatis-spring-boot-starter-2.2.1.jar:/Users/hanxiang/.m2/repository/org/springframework/boot/spring-boot-starter-jdbc/2.6.2/spring-boot-starter-jdbc-2.6.2.jar:/Users/hanxiang/.m2/repository/com/zaxxer/HikariCP/4.0.3/HikariCP-4.0.3.jar:/Users/hanxiang/.m2/repository/org/springframework/spring-jdbc/5.3.14/spring-jdbc-5.3.14.jar:/Users/hanxiang/.m2/repository/org/mybatis/spring/boot/mybatis-spring-boot-autoconfigure/2.2.1/mybatis-spring-boot-autoconfigure-2.2.1.jar:/Users/hanxiang/.m2/repository/org/mybatis/mybatis/3.5.9/mybatis-3.5.9.jar:/Users/hanxiang/.m2/repository/org/mybatis/mybatis-spring/2.0.6/mybatis-spring-2.0.6.jar:/Users/hanxiang/.m2/repository/dev/miku/r2dbc-mysql/0.8.2.RELEASE/r2dbc-mysql-0.8.2.RELEASE.jar:/Users/hanxiang/.m2/repository/io/projectreactor/reactor-core/3.4.13/reactor-core-3.4.13.jar:/Users/hanxiang/.m2/repository/io/projectreactor/addons/reactor-extra/3.4.6/reactor-extra-3.4.6.jar:/Users/hanxiang/.m2/repository/io/projectreactor/netty/reactor-netty/1.0.14/reactor-netty-1.0.14.jar:/Users/hanxiang/.m2/repository/io/projectreactor/netty/reactor-netty-core/1.0.14/reactor-netty-core-1.0.14.jar:/Users/hanxiang/.m2/repository/io/netty/netty-handler/4.1.72.Final/netty-handler-4.1.72.Final.jar:/Users/hanxiang/.m2/repository/io/netty/netty-tcnative-classes/2.0.46.Final/netty-tcnative-classes-2.0.46.Final.jar:/Users/hanxiang/.m2/repository/io/netty/netty-handler-proxy/4.1.72.Final/netty-handler-proxy-4.1.72.Final.jar:/Users/hanxiang/.m2/repository/io/netty/netty-codec-socks/4.1.72.Final/netty-codec-socks-4.1.72.Final.jar:/Users/hanxiang/.m2/repository/io/projectreactor/netty/incubator/reactor-netty-incubator-quic/0.0.3/reactor-netty-incubator-quic-0.0.3.jar:/Users/hanxiang/.m2/repository/io/netty/incubator/netty-incubator-codec-native-quic/0.0.24.Final/netty-incubator-codec-native-quic-0.0.24.Final-linux-x86_64.jar:/Users/hanxiang/.m2/repository/io/netty/incubator/netty-incubator-codec-classes-quic/0.0.24.Final/netty-incubator-codec-classes-quic-0.0.24.Final.jar:/Users/hanxiang/.m2/repository/commons-codec/commons-codec/1.15/commons-codec-1.15.jar:/Users/hanxiang/.m2/repository/io/projectreactor/netty/reactor-netty-http-brave/1.0.14/reactor-netty-http-brave-1.0.14.jar:/Users/hanxiang/.m2/repository/io/zipkin/brave/brave-instrumentation-http/5.13.3/brave-instrumentation-http-5.13.3.jar:/Users/hanxiang/.m2/repository/io/zipkin/brave/brave/5.13.3/brave-5.13.3.jar:/Users/hanxiang/.m2/repository/io/zipkin/reporter2/zipkin-reporter-brave/2.16.3/zipkin-reporter-brave-2.16.3.jar:/Users/hanxiang/.m2/repository/io/zipkin/reporter2/zipkin-reporter/2.16.3/zipkin-reporter-2.16.3.jar:/Users/hanxiang/.m2/repository/io/zipkin/zipkin2/zipkin/2.23.2/zipkin-2.23.2.jar:/Users/hanxiang/.m2/repository/org/slf4j/slf4j-api/1.7.32/slf4j-api-1.7.32.jar:/Users/hanxiang/.m2/repository/mysql/mysql-connector-java/8.0.27/mysql-connector-java-8.0.27.jar:/Users/hanxiang/.m2/repository/org/projectlombok/lombok/1.18.22/lombok-1.18.22.jar:/Users/hanxiang/.m2/repository/org/springframework/boot/spring-boot-starter-test/2.6.2/spring-boot-starter-test-2.6.2.jar:/Users/hanxiang/.m2/repository/org/springframework/boot/spring-boot-test/2.6.2/spring-boot-test-2.6.2.jar:/Users/hanxiang/.m2/repository/org/springframework/boot/spring-boot-test-autoconfigure/2.6.2/spring-boot-test-autoconfigure-2.6.2.jar:/Users/hanxiang/.m2/repository/com/jayway/jsonpath/json-path/2.6.0/json-path-2.6.0.jar:/Users/hanxiang/.m2/repository/net/minidev/json-smart/2.4.7/json-smart-2.4.7.jar:/Users/hanxiang/.m2/repository/net/minidev/accessors-smart/2.4.7/accessors-smart-2.4.7.jar:/Users/hanxiang/.m2/repository/org/ow2/asm/asm/9.1/asm-9.1.jar:/Users/hanxiang/.m2/repository/jakarta/xml/bind/jakarta.xml.bind-api/2.3.3/jakarta.xml.bind-api-2.3.3.jar:/Users/hanxiang/.m2/repository/jakarta/activation/jakarta.activation-api/1.2.2/jakarta.activation-api-1.2.2.jar:/Users/hanxiang/.m2/repository/org/assertj/assertj-core/3.21.0/assertj-core-3.21.0.jar:/Users/hanxiang/.m2/repository/org/hamcrest/hamcrest/2.2/hamcrest-2.2.jar:/Users/hanxiang/.m2/repository/org/junit/jupiter/junit-jupiter/5.8.2/junit-jupiter-5.8.2.jar:/Users/hanxiang/.m2/repository/org/junit/jupiter/junit-jupiter-api/5.8.2/junit-jupiter-api-5.8.2.jar:/Users/hanxiang/.m2/repository/org/opentest4j/opentest4j/1.2.0/opentest4j-1.2.0.jar:/Users/hanxiang/.m2/repository/org/junit/platform/junit-platform-commons/1.8.2/junit-platform-commons-1.8.2.jar:/Users/hanxiang/.m2/repository/org/apiguardian/apiguardian-api/1.1.2/apiguardian-api-1.1.2.jar:/Users/hanxiang/.m2/repository/org/junit/jupiter/junit-jupiter-params/5.8.2/junit-jupiter-params-5.8.2.jar:/Users/hanxiang/.m2/repository/org/junit/jupiter/junit-jupiter-engine/5.8.2/junit-jupiter-engine-5.8.2.jar:/Users/hanxiang/.m2/repository/org/junit/platform/junit-platform-engine/1.8.2/junit-platform-engine-1.8.2.jar:/Users/hanxiang/.m2/repository/org/mockito/mockito-core/4.0.0/mockito-core-4.0.0.jar:/Users/hanxiang/.m2/repository/net/bytebuddy/byte-buddy/1.11.22/byte-buddy-1.11.22.jar:/Users/hanxiang/.m2/repository/net/bytebuddy/byte-buddy-agent/1.11.22/byte-buddy-agent-1.11.22.jar:/Users/hanxiang/.m2/repository/org/objenesis/objenesis/3.2/objenesis-3.2.jar:/Users/hanxiang/.m2/repository/org/mockito/mockito-junit-jupiter/4.0.0/mockito-junit-jupiter-4.0.0.jar:/Users/hanxiang/.m2/repository/org/skyscreamer/jsonassert/1.5.0/jsonassert-1.5.0.jar:/Users/hanxiang/.m2/repository/com/vaadin/external/google/android-json/0.0.20131108.vaadin1/android-json-0.0.20131108.vaadin1.jar:/Users/hanxiang/.m2/repository/org/springframework/spring-core/5.3.14/spring-core-5.3.14.jar:/Users/hanxiang/.m2/repository/org/springframework/spring-jcl/5.3.14/spring-jcl-5.3.14.jar:/Users/hanxiang/.m2/repository/org/springframework/spring-test/5.3.14/spring-test-5.3.14.jar:/Users/hanxiang/.m2/repository/org/xmlunit/xmlunit-core/2.8.4/xmlunit-core-2.8.4.jar:/Users/hanxiang/.m2/repository/io/projectreactor/reactor-test/3.4.13/reactor-test-3.4.13.jar:/Users/hanxiang/.m2/repository/com/alibaba/fastjson/1.2.70/fastjson-1.2.70.jar:"/>
    <property name="sun.cpu.endian" value="little"/>
    <property name="user.home" value="/Users/hanxiang"/>
    <property name="user.language" value="zh"/>
    <property name="java.specification.vendor" value="Oracle Corporation"/>
    <property name="java.home" value="/Library/Java/JavaVirtualMachines/jdk1.8.0_181.jdk/Contents/Home/jre"/>
    <property name="basedir" value="/Users/hanxiang/Desktop/learn/webflux-r2dbc"/>
    <property name="file.separator" value="/"/>
    <property name="line.separator" value="&#10;"/>
    <property name="java.vm.specification.vendor" value="Oracle Corporation"/>
    <property name="java.specification.name" value="Java Platform API Specification"/>
    <property name="java.awt.graphicsenv" value="sun.awt.CGraphicsEnvironment"/>
    <property name="surefire.real.class.path" value="/Users/hanxiang/Desktop/learn/webflux-r2dbc/target/surefire/surefirebooter541843915745714918.jar"/>
    <property name="sun.boot.class.path" value="/Library/Java/JavaVirtualMachines/jdk1.8.0_181.jdk/Contents/Home/jre/lib/resources.jar:/Library/Java/JavaVirtualMachines/jdk1.8.0_181.jdk/Contents/Home/jre/lib/rt.jar:/Library/Java/JavaVirtualMachines/jdk1.8.0_181.jdk/Contents/Home/jre/lib/sunrsasign.jar:/Library/Java/JavaVirtualMachines/jdk1.8.0_181.jdk/Contents/Home/jre/lib/jsse.jar:/Library/Java/JavaVirtualMachines/jdk1.8.0_181.jdk/Contents/Home/jre/lib/jce.jar:/Library/Java/JavaVirtualMachines/jdk1.8.0_181.jdk/Contents/Home/jre/lib/charsets.jar:/Library/Java/JavaVirtualMachines/jdk1.8.0_181.jdk/Contents/Home/jre/lib/jfr.jar:/Library/Java/JavaVirtualMachines/jdk1.8.0_181.jdk/Contents/Home/jre/classes"/>
    <property name="sun.management.compiler" value="HotSpot 64-Bit Tiered Compilers"/>
    <property name="ftp.nonProxyHosts" value="local|*.local|169.254/16|*.169.254/16"/>
    <property name="java.runtime.version" value="1.8.0_181-b13"/>
    <property name="user.name" value="hanxiang"/>
    <property name="path.separator" value=":"/>
    <property name="os.version" value="10.16"/>
    <property name="java.endorsed.dirs" value="/Library/Java/JavaVirtualMachines/jdk1.8.0_181.jdk/Contents/Home/jre/lib/endorsed"/>
    <property name="java.runtime.name" value="Java(TM) SE Runtime Environment"/>
    <property name="file.encoding" value="UTF-8"/>
    <property name="java.vm.name" value="Java HotSpot(TM) 64-Bit Server VM"/>
    <property name="localRepository" value="/Users/hanxiang/.m2/repository"/>
    <property name="java.vendor.url.bug" value="http://bugreport.sun.com/bugreport/"/>
    <property name="java.io.tmpdir" value="/var/folders/x9/kpbbkwjj76sctv7ztc4b2xyc0000gn/T/"/>
    <property name="idea.version" value="2020.2.3"/>
    <property name="java.version" value="1.8.0_181"/>
    <property name="user.dir" value="/Users/hanxiang/Desktop/learn/webflux-r2dbc"/>
    <property name="os.arch" value="x86_64"/>
    <property name="java.vm.specification.name" value="Java Virtual Machine Specification"/>
    <property name="java.awt.printerjob" value="sun.lwawt.macosx.CPrinterJob"/>
    <property name="sun.os.patch.level" value="unknown"/>
    <property name="java.library.path" value="/Users/hanxiang/Library/Java/Extensions:/Library/Java/Extensions:/Network/Library/Java/Extensions:/System/Library/Java/Extensions:/usr/lib/java:."/>
    <property name="java.vm.info" value="mixed mode"/>
    <property name="java.vendor" value="Oracle Corporation"/>
    <property name="java.vm.version" value="25.181-b13"/>
    <property name="java.ext.dirs" value="/Users/hanxiang/Library/Java/Extensions:/Library/Java/JavaVirtualMachines/jdk1.8.0_181.jdk/Contents/Home/jre/lib/ext:/Library/Java/Extensions:/Network/Library/Java/Extensions:/System/Library/Java/Extensions:/usr/lib/java"/>
    <property name="sun.io.unicode.encoding" value="UnicodeBig"/>
    <property name="java.class.version" value="52.0"/>
    <property name="socksNonProxyHosts" value="local|*.local|169.254/16|*.169.254/16"/>
  </properties>
  <testcase name="contextLoads" classname="com.example.demo.WebfluxR2dbcApplicationTests" time="0.52"/>
</testsuite>